<?xml version="1.0" encoding="UTF-8"?>

<mule xmlns:s4hana="http://www.mulesoft.org/schema/mule/s4hana" xmlns:ee="http://www.mulesoft.org/schema/mule/ee/core" xmlns:salesforce="http://www.mulesoft.org/schema/mule/salesforce"
    xmlns:scripting="http://www.mulesoft.org/schema/mule/scripting" xmlns:xsi="http://www.w3.org/2001/XMLSchema-instance" xmlns:munit="http://www.mulesoft.org/schema/mule/munit"
    xmlns:munit-tools="http://www.mulesoft.org/schema/mule/munit-tools" xmlns="http://www.mulesoft.org/schema/mule/core" xmlns:doc="http://www.mulesoft.org/schema/mule/documentation"
    xsi:schemaLocation="
		http://www.mulesoft.org/schema/mule/core http://www.mulesoft.org/schema/mule/core/current/mule.xsd
		http://www.mulesoft.org/schema/mule/munit http://www.mulesoft.org/schema/mule/munit/current/mule-munit.xsd
		http://www.mulesoft.org/schema/mule/munit-tools  http://www.mulesoft.org/schema/mule/munit-tools/current/mule-munit-tools.xsd
        http://www.mulesoft.org/schema/mule/scripting http://www.mulesoft.org/schema/mule/scripting/current/mule-scripting.xsd
        http://www.mulesoft.org/schema/mule/salesforce http://www.mulesoft.org/schema/mule/salesforce/current/mule-salesforce.xsd
        http://www.mulesoft.org/schema/mule/ee/core http://www.mulesoft.org/schema/mule/ee/core/current/mule-ee.xsd
        http://www.mulesoft.org/schema/mule/s4hana http://www.mulesoft.org/schema/mule/s4hana/current/mule-s4hana.xsd">
    <munit:config name="test-suite.xml" doc:name="MUnit configuration" />
    <configuration-properties doc:name="Configuration properties" doc:id="234217af-d650-488b-87aa-4276a3c0587d" file="mule.test.properties" />
    <munit:before-test name="test-suiteBefore_Test" description="Before tests actions" doc:id="f098bb37-e35a-4dbe-b3d4-ea5c511a3731">
        <flow-ref doc:name="Call getTestProductFromS4HanaSubFlow" doc:id="7b87e228-2028-415c-b8fe-8dec94f5b028" name="getTestProductFromS4HanaSubFlow" />
        <ee:transform doc:name="Set test variables" doc:id="0e415a26-82da-4d20-9db6-db7dec1263e9">
            <ee:message>
            </ee:message>
            <ee:variables>
                <ee:set-variable variableName="testProductS4Hana"><![CDATA[%dw 2.0
output application/java
---
payload]]></ee:set-variable>
                <ee:set-variable variableName="testDataToS4Hana"><![CDATA[%dw 2.0
output application/java
var testDataId= randomInt(1000)
---
{
	Name: "TestRecord" ++ testDataId,
	ProductCode: payload.Product,
	Description: "Description" ++ testDataId
}]]></ee:set-variable>
                <ee:set-variable variableName="testDataToSfdc"><![CDATA[%dw 2.0
output application/java
var testDataId= randomInt(1000)
---
{
	Name: "TestRecord" ++ testDataId,
	ProductCode: payload.Product,
	Description: "Description" ++ testDataId
}]]></ee:set-variable>
            </ee:variables>
        </ee:transform>

        <logger level="INFO" doc:name="Log test data" doc:id="56690b25-ad31-4a29-8e77-49043e6aee1d" message="Test Data: #[output application/json --- vars]" />

        <salesforce:create doc:name="Create test Product in Salesforce" doc:id="3c5cfa0a-9c18-4197-911b-79a8813c31e3" config-ref="Salesforce_Config" type="Product2">
            <salesforce:records><![CDATA[#[[vars.testDataToS4Hana]]]]></salesforce:records>
        </salesforce:create>
        <set-variable value="#[payload[0].id]" doc:name="Store salesforce ID to variable sfdcTestID" doc:id="7c7d7ec1-0acc-4893-b048-9ceaed44d645" variableName="sfdcTestProductID" />
    </munit:before-test>
    <munit:test name="test-suite-mainFlowTest" description="Test" doc:id="ed97300c-bd30-4245-a000-1ea9e6b7c9d4">
        <munit:execution>
            <flow-ref doc:name="Call testFromSfdcToS4HanaSubFlow" doc:id="52014e67-d56b-4d09-b9f8-4dbbd6053508" name="testFromSfdcToS4HanaSubFlow" />
			<flow-ref doc:name="Call testFromS4HanaToSfdcSubFlow" doc:id="d0e1ac0c-00f6-4482-8281-d492205c8766" name="testFromS4HanaToSfdcSubFlow"/>
        </munit:execution>
        <munit:validation>
            <munit-tools:assert-that doc:name="Assert S4Hana updated test record" doc:id="26feaa76-a72b-4644-8f24-664558d158fb" expression="#[vars.testDataToS4Hana.Description]"
                is="#[MunitTools::equalTo(vars.migratedToS4HanaProduct.Description.ProductDescription)]" message="Test record for S4Hana has not been updated" />
            <munit-tools:assert-that doc:name="Assert SFDC updated test record" doc:id="26feaa76-a72b-4644-8f24-664558d158fb" expression="#[vars.testDataToSfdc.Name]"
                is="#[MunitTools::equalTo(vars.migratedToSfdcProduct.Name)]" message="Test record for SFDC has not been updated" />
            <munit-tools:verify-call doc:name="Verify call to s4hana query " doc:id="3e2e1dc2-7aea-48d1-9498-8a546d38a2c0" processor="s4hana:query" atLeast="1" />
            <munit-tools:verify-call doc:name="Verify call to Salesforce query" doc:id="b4413b07-01d4-484d-be4b-9655ecf41cf4" processor="salesforce:query"
                atLeast="1" />
            <munit-tools:verify-call doc:name="Verify call to s4hana update entity" doc:id="80c2bedc-95ea-45bb-a675-1508d597dd4a" processor="s4hana:update-entity"
                atLeast="1" />
            <munit-tools:verify-call doc:name="Verify call to Salesforce upsert entity" doc:id="80c2bedc-95ea-45bb-a675-1508d597dd4a" processor="salesforce:upsert"
                atLeast="1" />
        </munit:validation>
    </munit:test>
    <sub-flow name="testFromSfdcToS4HanaSubFlow" doc:id="5e645974-429e-4c35-8c6c-d996e3571fda">
        <flow-ref doc:name="Call queryFlowSalesforce" doc:id="d51bb94c-357e-44a8-a493-b182952b8bfc" name="queryFlowSalesforce" />
        <ee:transform doc:name="Filter test data" doc:id="d2234296-3eff-4f25-8907-d3b3b4039c98">
            <ee:message>
                <ee:set-payload><![CDATA[%dw 2.0
output application/java
---
payload filter ($.Product == vars.testDataToS4Hana.ProductCode 
	and $.to_Description[0].ProductDescription == vars.testDataToS4Hana.Description 
)]]></ee:set-payload>
            </ee:message>
        </ee:transform>
        <flow-ref doc:name="Call fromSalesforceToS4Hana" doc:id="6aa22154-4519-4908-8ab5-d980a96f048d" name="fromSalesforceToS4Hana" />
        <scripting:execute doc:name="Sleep for 10s until the processing is completed" doc:id="657e1915-ae57-4622-bbdf-e0c63f4a2820" engine="groovy">
            <scripting:code>sleep(10000)</scripting:code>
        </scripting:execute>
        <flow-ref doc:name="Call getTestProductFromS4HanaSubFlow" doc:id="ed1674bf-793d-4878-84d4-c51675446b31" name="getTestProductFromS4HanaSubFlow" />
        <set-variable value="#[payload]" doc:name="Set migratedToS4HanaProduct variable" doc:id="69b9368a-ab53-4192-bc8e-198409ee1daa" variableName="migratedToS4HanaProduct" />
    </sub-flow>
    <sub-flow name="testFromS4HanaToSfdcSubFlow" doc:id="7dfd0928-3b3d-48b1-b817-d4a330753185">
        <flow-ref doc:name="Call queryFlowS4Hana " doc:id="0df22eff-ba5c-42c1-b4d5-e0547d47c434" name="queryFlowS4Hana" />
		<ee:transform doc:name="Preparing test data" doc:id="f5614dae-5da0-4408-b194-b38e4cb8a55d" >
			<ee:message >
				<ee:set-payload ><![CDATA[%dw 2.0
output application/java
---
payload filter ($.ProductCode == vars.testDataToSfdc.ProductCode ) map{
 	 Name: vars.testDataToSfdc.Name,
    ProductCode: $.ProductCode ,
    Description : $.Description
}
]]></ee:set-payload>
			</ee:message>
		</ee:transform>
		<flow-ref doc:name="Call fromS4HanaToSalesforce" doc:id="c11f2ef7-ea27-4cdb-a57f-034c1ae1f41f" name="fromS4HanaToSalesforce"/>
		<scripting:execute doc:name="Sleep for 10s until the processing is completed" doc:id="a3884060-3be9-48a0-93ae-1f2ead5df74a"
                engine="groovy">
                <scripting:code>sleep(10000)</scripting:code>
            </scripting:execute>
            <salesforce:query doc:name="Query for Product, which should be updated" doc:id="d668dfa3-def7-4c36-aba2-e6167b95516f"
                config-ref="Salesforce_Config" target="migratedToSfdcProduct" targetValue="#[payload[0]]">
                <salesforce:salesforce-query>Select Name, ProductCode, Description,LastModifiedDate from Product2 WHERE ProductCode = ':productCode'</salesforce:salesforce-query>
                <salesforce:parameters><![CDATA[#[output application/java
---
{
    "productCode" : vars.testDataToSfdc.ProductCode
}]]]></salesforce:parameters>
            </salesforce:query>
    </sub-flow>
    <sub-flow name="getTestProductFromS4HanaSubFlow" doc:id="5a753081-63e9-4b2f-93c2-61ce21611806" >
		<s4hana:get-entity doc:name="Get Product from S4Hana" doc:id="050c1b7b-9cd2-4999-b67f-2b871bf5e5b1" config-ref="SAP_S_4HANA_Config" service="API_PRODUCT_SRV" entityType="A_Product" target="dataS4Hana">
            <s4hana:key ><![CDATA[#[{
    "Product": p('test.s4hana.product')
}]]]></s4hana:key>
        </s4hana:get-entity>
		<s4hana:get-entity doc:name="Get Product Description from S4Hana" doc:id="050c1b7b-9cd2-4999-b67f-2b871bf5e5b1" config-ref="SAP_S_4HANA_Config" service="API_PRODUCT_SRV" entityType="A_ProductDescription">
			<s4hana:key ><![CDATA[#[{
	"Product": p('test.s4hana.product'),
	"Language" : "EN",
}]]]></s4hana:key>
		</s4hana:get-entity>
		<ee:transform doc:name="Add Description to testDataS4Hana variable" doc:id="a381aeb0-4bf2-4e79-9fcd-6a27466304e5" >
			<ee:message >
				<ee:set-payload ><![CDATA[%dw 2.0
output application/java
---
vars.dataS4Hana ++ {
	"Description": payload	
}]]></ee:set-payload>
			</ee:message>
			<ee:variables >
			</ee:variables>
		</ee:transform>
                   
	</sub-flow>
    <munit:after-test name="test-suiteAfter_Test" description="After tests actions" doc:id="26649279-5938-4f5c-852e-c679fe428218">
        <salesforce:delete doc:name="Delete test Products from Salesforce" doc:id="f6a690e1-157c-4d2a-b2fe-412de01b6853" config-ref="Salesforce_Config">
            <salesforce:delete-ids><![CDATA[#[[vars.sfdcTestProductID]]]]></salesforce:delete-ids>
        </salesforce:delete>
 <ee:transform doc:name="Retreive S4Hana data" doc:id="da5572ba-c244-4fad-b232-fbe4a8a2338e">
            <ee:message>
                <ee:set-payload><![CDATA[%dw 2.0
output application/java
---
{
  "Language": "EN",
  "Product": vars.testProductS4Hana.Product,
  "ProductDescription": vars.testProductS4Hana.Description.ProductDescription
}]]></ee:set-payload>
            </ee:message>
        </ee:transform>
        <s4hana:update-entity service="API_PRODUCT_SRV" entityType="A_ProductDescription" doc:name="Update Product in S4Hana" doc:id="4a86acec-f67e-409b-beac-1cf7002440f4"
            config-ref="SAP_S_4HANA_Config">
        </s4hana:update-entity>
    </munit:after-test>
</mule>
